<?xml version="1.0" encoding="UTF-8"?>
<!-- Generated by org.testng.reporters.JUnitReportReporter -->
<testsuite skipped="0" hostname="TGN1043" name="com.sit.anchal.test.TestCases" tests="2" failures="0" timestamp="2020-03-20T19:09:01 IST" time="187.976" errors="0">
  <testcase name="loginTest" time="86.955" classname="com.sit.anchal.test.TestCases"/>
  <system-out/>
  <testcase name="addBeneficiary" time="101.021" classname="com.sit.anchal.test.TestCases"/>
  <system-out/>
</testsuite> <!-- com.sit.anchal.test.TestCases -->
